SESSION #1 (Monster Truck crashing)
--------------------------------------------------------------------------------------
A Day at the Garage
What is your name? 
Drew
Mechanic Drew arrives at Garage on Day 
Current time is: 9:00
(1) Unlock all of the Vehicles
(2) Wash all of the Vehicles
(3) Tune Up all of the Vehicles
(4) Test Drive all of the Vehicles
(5) Lock all of the Vehicles
(6) Leave the Garage for the day
Which action would you like to perform at this hour? (select an action by typing the number)
1
Mechanic Drew unlocks Trike TBW648       
Trike TBW648 unlocked
Mechanic Drew unlocks Expresstrain ERX596
Expresstrain ERX596 unlocked
Mechanic Drew unlocks Convertible CRL786 
Convertible CRL786 unlocked
Mechanic Drew unlocks Freighttrain FBB174
Freighttrain FBB174 unlocked
Mechanic Drew unlocks SUV SLZ044
SUV SLZ044 unlocked
Mechanic Drew unlocks Pickup PMR062      
Pickup PMR062 unlocked
Mechanic Drew unlocks Monster MOU515     
Monster MOU515 unlocked
Mechanic Drew unlocks Wagon WUD377       
Wagon WUD377 unlocked
Mechanic Drew unlocks Delivery DZS767    
Delivery DZS767 unlocked
Mechanic Drew unlocks Hatchback HFC786   
Hatchback HFC786 unlocked
Mechanic Drew unlocks Bike BJU721        
Bike BJU721 unlocked
Mechanic Drew unlocks Sidecar SRS049
Sidecar SRS049 unlocked
Current time is: 10:00
(1) Unlock all of the Vehicles
(2) Wash all of the Vehicles
(3) Tune Up all of the Vehicles
(4) Test Drive all of the Vehicles
(5) Lock all of the Vehicles
(6) Leave the Garage for the day
Which action would you like to perform at this hour? (select an action by typing the number)
4
Mechanic Drew drives Trike TBW648
Trike TBW648 driven
Mechanic Drew drives Expresstrain ERX596
Expresstrain ERX596 driven
Mechanic Drew drives Convertible CRL786
Convertible CRL786 driven
Mechanic Drew drives Freighttrain FBB174
Freighttrain FBB174 driven
Mechanic Drew drives SUV SLZ044
SUV SLZ044 driven
Mechanic Drew drives Pickup PMR062
Pickup PMR062 driven
Mechanic Drew drives Monster MOU515
Monster MOU515 drives
Mechanic Drew drives Wagon WUD377
Wagon WUD377 driven
Mechanic Drew drives Delivery DZS767
Delivery DZS767 driven
Mechanic Drew drives Hatchback HFC786
Hatchback HFC786 driven
Mechanic Drew drives Bike BJU721
Bike BJU721 driven
Mechanic Drew drives Sidecar SRS049
Sidecar SRS049 driven
Current time is: 11:00
(1) Unlock all of the Vehicles
(2) Wash all of the Vehicles
(3) Tune Up all of the Vehicles
(4) Test Drive all of the Vehicles
(5) Lock all of the Vehicles
(6) Leave the Garage for the day
Which action would you like to perform at this hour? (select an action by typing the number)
4
Mechanic Drew drives Trike TBW648
Trike TBW648 driven
Mechanic Drew drives Expresstrain ERX596
Expresstrain ERX596 driven
Mechanic Drew drives Convertible CRL786
Convertible CRL786 driven
Mechanic Drew drives Freighttrain FBB174
Freighttrain FBB174 driven
Mechanic Drew drives SUV SLZ044
SUV SLZ044 driven
Mechanic Drew drives Pickup PMR062
Pickup PMR062 driven
Mechanic Drew drives Monster MOU515
Monster MOU515 crashes
Monster truck has crashed. Your day is over.
PS C:\Users\dugan\Desktop\Project 4\Projject 4> 



SESSION #2(Must unlock before doing tasks)
--------------------------------------------------------------------------------------
A Day at the Garage
What is your name? 
Drew
Mechanic Drew arrives at Garage on Day 
Current time is: 9:00
(1) Unlock all of the Vehicles
(2) Wash all of the Vehicles
(3) Tune Up all of the Vehicles
(4) Test Drive all of the Vehicles
(5) Lock all of the Vehicles
(6) Leave the Garage for the day
Which action would you like to perform at this hour? (select an action by typing the number)
2
Please unlock the vehicles before continuing with the other tasks.
Current time is: 9:00
(1) Unlock all of the Vehicles
(2) Wash all of the Vehicles
(3) Tune Up all of the Vehicles
(4) Test Drive all of the Vehicles
(5) Lock all of the Vehicles
(6) Leave the Garage for the day
Which action would you like to perform at this hour? (select an action by typing the number)
3
Please unlock the vehicles before continuing with the other tasks.
Current time is: 9:00
(1) Unlock all of the Vehicles
(2) Wash all of the Vehicles
(3) Tune Up all of the Vehicles
(4) Test Drive all of the Vehicles
(5) Lock all of the Vehicles
(6) Leave the Garage for the day
Which action would you like to perform at this hour? (select an action by typing the number)
4
Please unlock the vehicles before continuing with the other tasks.
Current time is: 9:00
(1) Unlock all of the Vehicles
(2) Wash all of the Vehicles
(3) Tune Up all of the Vehicles
(4) Test Drive all of the Vehicles
(5) Lock all of the Vehicles
(6) Leave the Garage for the day
Which action would you like to perform at this hour? (select an action by typing the number)
1
Mechanic Drew unlocks Trike TRQ072
Trike TRQ072 unlocked
Mechanic Drew unlocks Expresstrain EYG161
Expresstrain EYG161 unlocked
Mechanic Drew unlocks Convertible CUR664
Convertible CUR664 unlocked
Mechanic Drew unlocks Freighttrain FVB596
Freighttrain FVB596 unlocked
Mechanic Drew unlocks SUV SJV667
SUV SJV667 unlocked
Mechanic Drew unlocks Pickup PDX049
Pickup PDX049 unlocked
Mechanic Drew unlocks Monster MGD158
Monster MGD158 unlocked
Mechanic Drew unlocks Wagon WFD587
Wagon WFD587 unlocked
Mechanic Drew unlocks Delivery DWU592
Delivery DWU592 unlocked
Mechanic Drew unlocks Hatchback HMZ550
Hatchback HMZ550 unlocked
Mechanic Drew unlocks Bike BKK953
Bike BKK953 unlocked
Mechanic Drew unlocks Sidecar SVO779
Sidecar SVO779 unlocked
Current time is: 10:00
(1) Unlock all of the Vehicles
(2) Wash all of the Vehicles
(3) Tune Up all of the Vehicles
(4) Test Drive all of the Vehicles
(5) Lock all of the Vehicles
(6) Leave the Garage for the day
Which action would you like to perform at this hour? (select an action by typing the number)
2
Mechanic Drew washes Trike TRQ072
Trike TRQ072 is soaped
Trike TRQ072 is scrubed
Trike TRQ072 is rinsed
Trike TRQ072 is dried
Trike TRQ072 shines
Mechanic Drew washes Expresstrain EYG161
Expresstrain EYG161 is soaped
Expresstrain EYG161 is scrubed
Expresstrain EYG161 is rinsed
Expresstrain EYG161 is dried
Expresstrain EYG161 shines
Mechanic Drew washes Convertible CUR664
Convertible CUR664 is soaped
Convertible CUR664 is scrubed
Convertible CUR664 is rinsed
Convertible CUR664 is dried
Convertible CUR664 is waxed
Convertible CUR664 is detailed
Convertible CUR664 is detailed
Convertible CUR664 shines
Mechanic Drew washes Freighttrain FVB596
Freighttrain FVB596 is soaped
Freighttrain FVB596 is scrubed
Freighttrain FVB596 is rinsed
Freighttrain FVB596 is dried
Freighttrain FVB596 shines
Mechanic Drew washes SUV SJV667
SUV SJV667 is soaped
SUV SJV667 is scrubed
SUV SJV667 is rinsed
SUV SJV667 is dried
SUV SJV667 shines
Mechanic Drew washes Pickup PDX049
Pickup PDX049 is soaped
Pickup PDX049 is scrubed
Pickup PDX049 is rinsed
Pickup PDX049 is dried
Pickup PDX049 shines
Mechanic Drew washes Monster MGD158
Monster MGD158 is soaped
Monster MGD158 is scrubed
Monster MGD158 is rinsed
Monster MGD158 is dried
Monster MGD158 is waxed
Monster MGD158 is waxed
Monster MGD158 is polished
Monster MGD158 is detailed
Monster MGD158 sparkles
Mechanic Drew washes Wagon WFD587
Wagon WFD587 is soaped
Wagon WFD587 is scrubed
Wagon WFD587 is rinsed
Wagon WFD587 is dried
Wagon WFD587 shines
Mechanic Drew washes Delivery DWU592
Delivery DWU592 is soaped
Delivery DWU592 is scrubed
Delivery DWU592 is rinsed
Delivery DWU592 is dried
Delivery DWU592 shines
Mechanic Drew washes Hatchback HMZ550
Hatchback HMZ550 is soaped
Hatchback HMZ550 is scrubed
Hatchback HMZ550 is rinsed
Hatchback HMZ550 is dried
Hatchback HMZ550 shines
Mechanic Drew washes Bike BKK953
Bike BKK953 is soaped
Bike BKK953 is scrubed
Bike BKK953 is rinsed
Bike BKK953 is dried
Bike BKK953 shines
Mechanic Drew washes Sidecar SVO779
Sidecar SVO779 is soaped
Sidecar SVO779 is scrubed
Sidecar SVO779 is rinsed
Sidecar SVO779 is dried
Sidecar SVO779 sparkles
Current time is: 11:00
(1) Unlock all of the Vehicles
(2) Wash all of the Vehicles
(3) Tune Up all of the Vehicles
(4) Test Drive all of the Vehicles
(5) Lock all of the Vehicles
(6) Leave the Garage for the day
Which action would you like to perform at this hour? (select an action by typing the number)
3
Mechanic Drew tuneup Trike TRQ072
Trike TRQ072 runs
Mechanic Drew tuneup Expresstrain EYG161
Expresstrain EYG161 runs
Mechanic Drew tuneup Convertible CUR664
Convertible CUR664 runs
Mechanic Drew tuneup Freighttrain FVB596
Freighttrain FVB596 runs
Mechanic Drew tuneup SUV SJV667
SUV SJV667 runs
Mechanic Drew tuneup Pickup PDX049
Pickup PDX049 runs
Mechanic Drew tuneup Monster MGD158
Monster MGD158 runs
Mechanic Drew tuneup Wagon WFD587
Wagon WFD587 runs
Mechanic Drew tuneup Delivery DWU592
Delivery DWU592 runs
Mechanic Drew tuneup Hatchback HMZ550
Hatchback HMZ550 runs
Mechanic Drew tuneup Bike BKK953
Bike BKK953 runs
Mechanic Drew tuneup Sidecar SVO779
Sidecar SVO779 runs
Current time is: 12:00
(1) Unlock all of the Vehicles
(2) Wash all of the Vehicles
(3) Tune Up all of the Vehicles
(4) Test Drive all of the Vehicles
(5) Lock all of the Vehicles
(6) Leave the Garage for the day
Which action would you like to perform at this hour? (select an action by typing the number)
4
Mechanic Drew drives Trike TRQ072
Trike TRQ072 driven
Mechanic Drew drives Expresstrain EYG161
Expresstrain EYG161 driven
Mechanic Drew drives Convertible CUR664
Convertible CUR664 driven
Mechanic Drew drives Freighttrain FVB596
Freighttrain FVB596 driven
Mechanic Drew drives SUV SJV667
SUV SJV667 driven
Mechanic Drew drives Pickup PDX049
Pickup PDX049 driven
Mechanic Drew drives Monster MGD158
Monster MGD158 drives
Mechanic Drew drives Wagon WFD587
Wagon WFD587 driven
Mechanic Drew drives Delivery DWU592
Delivery DWU592 driven
Mechanic Drew drives Hatchback HMZ550
Hatchback HMZ550 driven
Mechanic Drew drives Bike BKK953
Bike BKK953 driven
Mechanic Drew drives Sidecar SVO779
Sidecar SVO779 driven
Current time is: 13:00
(1) Unlock all of the Vehicles
(2) Wash all of the Vehicles
(3) Tune Up all of the Vehicles
(4) Test Drive all of the Vehicles
(5) Lock all of the Vehicles
(6) Leave the Garage for the day
Which action would you like to perform at this hour? (select an action by typing the number)
6
Please remember to lock the vehicles before leaving the Garage!
Current time is: 13:00
(1) Unlock all of the Vehicles
(2) Wash all of the Vehicles
(3) Tune Up all of the Vehicles
(4) Test Drive all of the Vehicles
(5) Lock all of the Vehicles
(6) Leave the Garage for the day
Which action would you like to perform at this hour? (select an action by typing the number)
5
Mechanic Drew locksUp Trike TRQ072
Trike TRQ072 locked
Mechanic Drew locksUp Expresstrain EYG161
Expresstrain EYG161 locked
Mechanic Drew locksUp Convertible CUR664
Convertible CUR664 locked
Mechanic Drew locksUp Freighttrain FVB596
Freighttrain FVB596 locked
Mechanic Drew locksUp SUV SJV667
SUV SJV667 locked
Mechanic Drew locksUp Pickup PDX049
Pickup PDX049 locked
Mechanic Drew locksUp Monster MGD158
Monster MGD158 locked
Mechanic Drew locksUp Wagon WFD587
Wagon WFD587 locked
Mechanic Drew locksUp Delivery DWU592
Delivery DWU592 locked
Mechanic Drew locksUp Hatchback HMZ550
Hatchback HMZ550 locked
Mechanic Drew locksUp Bike BKK953
Bike BKK953 locked
Mechanic Drew locksUp Sidecar SVO779
Sidecar SVO779 locked
Current time is: 14:00
(1) Unlock all of the Vehicles
(2) Wash all of the Vehicles
(3) Tune Up all of the Vehicles
(4) Test Drive all of the Vehicles
(5) Lock all of the Vehicles
(6) Leave the Garage for the day
Which action would you like to perform at this hour? (select an action by typing the number)
6
Thank you for work at the Garage today. See you again tomorrow!




SESSION #3(A Complete, Full Day)
--------------------------------------------------------------------------------------
A Day at the Garage
What is your name? 
Drew
Mechanic Drew arrives at Garage on Day 
Current time is: 9:00
(1) Unlock all of the Vehicles
(2) Wash all of the Vehicles
(3) Tune Up all of the Vehicles
(4) Test Drive all of the Vehicles
(5) Lock all of the Vehicles
(6) Leave the Garage for the day
Which action would you like to perform at this hour? (select an action by typing the number)
1
Mechanic Drew unlocks Trike TSS563
Trike TSS563 unlocked
Mechanic Drew unlocks Expresstrain EYD132
Expresstrain EYD132 unlocked
Mechanic Drew unlocks Convertible CUV551
Convertible CUV551 unlocked
Mechanic Drew unlocks Freighttrain FSO310
Freighttrain FSO310 unlocked
Mechanic Drew unlocks SUV SYZ504
SUV SYZ504 unlocked
Mechanic Drew unlocks Pickup PWV934
Pickup PWV934 unlocked
Mechanic Drew unlocks Monster MKE303
Monster MKE303 unlocked
Mechanic Drew unlocks Wagon WOD137
Wagon WOD137 unlocked
Mechanic Drew unlocks Delivery DVY546
Delivery DVY546 unlocked
Mechanic Drew unlocks Hatchback HEF908
Hatchback HEF908 unlocked
Mechanic Drew unlocks Bike BDK572
Bike BDK572 unlocked
Mechanic Drew unlocks Sidecar SZD296
Sidecar SZD296 unlocked
Current time is: 10:00
(1) Unlock all of the Vehicles
(2) Wash all of the Vehicles
(3) Tune Up all of the Vehicles
(4) Test Drive all of the Vehicles
(5) Lock all of the Vehicles
(6) Leave the Garage for the day
Which action would you like to perform at this hour? (select an action by typing the number)
2
Mechanic Drew washes Trike TSS563
Trike TSS563 is soaped
Trike TSS563 is scrubed
Trike TSS563 is rinsed
Trike TSS563 is dried
Trike TSS563 shines
Mechanic Drew washes Expresstrain EYD132
Expresstrain EYD132 is soaped
Expresstrain EYD132 is scrubed
Expresstrain EYD132 is rinsed
Expresstrain EYD132 is dried
Expresstrain EYD132 shines
Mechanic Drew washes Convertible CUV551
Convertible CUV551 is soaped
Convertible CUV551 is scrubed
Convertible CUV551 is rinsed
Convertible CUV551 is dried
Convertible CUV551 is waxed
Convertible CUV551 is detailed
Convertible CUV551 is detailed
Convertible CUV551 shines
Mechanic Drew washes Freighttrain FSO310
Freighttrain FSO310 is soaped
Freighttrain FSO310 is scrubed
Freighttrain FSO310 is rinsed
Freighttrain FSO310 is dried
Freighttrain FSO310 shines
Mechanic Drew washes SUV SYZ504
SUV SYZ504 is soaped
SUV SYZ504 is scrubed
SUV SYZ504 is rinsed
SUV SYZ504 is dried
SUV SYZ504 shines
Mechanic Drew washes Pickup PWV934
Pickup PWV934 is soaped
Pickup PWV934 is scrubed
Pickup PWV934 is rinsed
Pickup PWV934 is dried
Pickup PWV934 shines
Mechanic Drew washes Monster MKE303
Monster MKE303 is soaped
Monster MKE303 is scrubed
Monster MKE303 is rinsed
Monster MKE303 is dried
Monster MKE303 is waxed
Monster MKE303 is waxed
Monster MKE303 is polished
Monster MKE303 is detailed
Monster MKE303 shines
Mechanic Drew washes Wagon WOD137
Wagon WOD137 is soaped
Wagon WOD137 is scrubed
Wagon WOD137 is rinsed
Wagon WOD137 is dried
Wagon WOD137 shines
Mechanic Drew washes Delivery DVY546
Delivery DVY546 is soaped
Delivery DVY546 is scrubed
Delivery DVY546 is rinsed
Delivery DVY546 is dried
Delivery DVY546 shines
Mechanic Drew washes Hatchback HEF908
Hatchback HEF908 is soaped
Hatchback HEF908 is scrubed
Hatchback HEF908 is rinsed
Hatchback HEF908 is dried
Hatchback HEF908 sparkles
Mechanic Drew washes Bike BDK572
Bike BDK572 is soaped
Bike BDK572 is scrubed
Bike BDK572 is rinsed
Bike BDK572 is dried
Bike BDK572 shines
Mechanic Drew washes Sidecar SZD296
Sidecar SZD296 is soaped
Sidecar SZD296 is scrubed
Sidecar SZD296 is rinsed
Sidecar SZD296 is dried
Sidecar SZD296 shines
Current time is: 11:00
(1) Unlock all of the Vehicles
(2) Wash all of the Vehicles
(3) Tune Up all of the Vehicles
(4) Test Drive all of the Vehicles
(5) Lock all of the Vehicles
(6) Leave the Garage for the day
Which action would you like to perform at this hour? (select an action by typing the number)
3
Mechanic Drew tuneup Trike TSS563
Trike TSS563 runs
Mechanic Drew tuneup Expresstrain EYD132
Expresstrain EYD132 runs
Mechanic Drew tuneup Convertible CUV551
Convertible CUV551 runs
Mechanic Drew tuneup Freighttrain FSO310
Freighttrain FSO310 runs
Mechanic Drew tuneup SUV SYZ504
SUV SYZ504 runs
Mechanic Drew tuneup Pickup PWV934
Pickup PWV934 runs
Mechanic Drew tuneup Monster MKE303
Monster MKE303 runs
Mechanic Drew tuneup Wagon WOD137
Wagon WOD137 sputters
Mechanic Drew tuneup Delivery DVY546
Delivery DVY546 runs
Mechanic Drew tuneup Hatchback HEF908
Hatchback HEF908 runs
Mechanic Drew tuneup Bike BDK572
Bike BDK572 runs
Mechanic Drew tuneup Sidecar SZD296
Sidecar SZD296 runs
Current time is: 12:00
(1) Unlock all of the Vehicles
(2) Wash all of the Vehicles
(3) Tune Up all of the Vehicles
(4) Test Drive all of the Vehicles
(5) Lock all of the Vehicles
(6) Leave the Garage for the day
Which action would you like to perform at this hour? (select an action by typing the number)
2
Mechanic Drew washes Trike TSS563
Trike TSS563 is soaped
Trike TSS563 is scrubed
Trike TSS563 is rinsed
Trike TSS563 is dried
Trike TSS563 sparkles
Mechanic Drew washes Expresstrain EYD132
Expresstrain EYD132 is soaped
Expresstrain EYD132 is scrubed
Expresstrain EYD132 is rinsed
Expresstrain EYD132 is dried
Expresstrain EYD132 shines
Mechanic Drew washes Convertible CUV551
Convertible CUV551 is soaped
Convertible CUV551 is scrubed
Convertible CUV551 is rinsed
Convertible CUV551 is dried
Convertible CUV551 is waxed
Convertible CUV551 is detailed
Convertible CUV551 is detailed
Convertible CUV551 shines
Mechanic Drew washes Freighttrain FSO310
Freighttrain FSO310 is soaped
Freighttrain FSO310 is scrubed
Freighttrain FSO310 is rinsed
Freighttrain FSO310 is dried
Freighttrain FSO310 shines
Mechanic Drew washes SUV SYZ504
SUV SYZ504 is soaped
SUV SYZ504 is scrubed
SUV SYZ504 is rinsed
SUV SYZ504 is dried
SUV SYZ504 shines
Mechanic Drew washes Pickup PWV934
Pickup PWV934 is soaped
Pickup PWV934 is scrubed
Pickup PWV934 is rinsed
Pickup PWV934 is dried
Pickup PWV934 shines
Mechanic Drew washes Monster MKE303
Monster MKE303 is soaped
Monster MKE303 is scrubed
Monster MKE303 is rinsed
Monster MKE303 is dried
Monster MKE303 is waxed
Monster MKE303 is waxed
Monster MKE303 is polished
Monster MKE303 is detailed
Monster MKE303 shines
Mechanic Drew washes Wagon WOD137
Wagon WOD137 is soaped
Wagon WOD137 is scrubed
Wagon WOD137 is rinsed
Wagon WOD137 is dried
Wagon WOD137 shines
Mechanic Drew washes Delivery DVY546
Delivery DVY546 is soaped
Delivery DVY546 is scrubed
Delivery DVY546 is rinsed
Delivery DVY546 is dried
Delivery DVY546 shines
Mechanic Drew washes Hatchback HEF908
Hatchback HEF908 is soaped
Hatchback HEF908 is scrubed
Hatchback HEF908 is rinsed
Hatchback HEF908 is dried
Hatchback HEF908 sparkles
Mechanic Drew washes Bike BDK572
Bike BDK572 is soaped
Bike BDK572 is scrubed
Bike BDK572 is rinsed
Bike BDK572 is dried
Bike BDK572 shines
Mechanic Drew washes Sidecar SZD296
Sidecar SZD296 is soaped
Sidecar SZD296 is scrubed
Sidecar SZD296 is rinsed
Sidecar SZD296 is dried
Sidecar SZD296 shines
Current time is: 13:00
(1) Unlock all of the Vehicles
(2) Wash all of the Vehicles
(3) Tune Up all of the Vehicles
(4) Test Drive all of the Vehicles
(5) Lock all of the Vehicles
(6) Leave the Garage for the day
Which action would you like to perform at this hour? (select an action by typing the number)
3
Mechanic Drew tuneup Trike TSS563
Trike TSS563 runs
Mechanic Drew tuneup Expresstrain EYD132
Expresstrain EYD132 runs
Mechanic Drew tuneup Convertible CUV551
Convertible CUV551 runs
Mechanic Drew tuneup Freighttrain FSO310
Freighttrain FSO310 runs
Mechanic Drew tuneup SUV SYZ504
SUV SYZ504 runs
Mechanic Drew tuneup Pickup PWV934
Pickup PWV934 runs
Mechanic Drew tuneup Monster MKE303
Monster MKE303 runs
Mechanic Drew tuneup Wagon WOD137
Wagon WOD137 runs
Mechanic Drew tuneup Delivery DVY546
Delivery DVY546 runs
Mechanic Drew tuneup Hatchback HEF908
Hatchback HEF908 sputters
Mechanic Drew tuneup Bike BDK572
Bike BDK572 runs
Mechanic Drew tuneup Sidecar SZD296
Sidecar SZD296 runs
Current time is: 14:00
(1) Unlock all of the Vehicles
(2) Wash all of the Vehicles
(3) Tune Up all of the Vehicles
(4) Test Drive all of the Vehicles
(5) Lock all of the Vehicles
(6) Leave the Garage for the day
Which action would you like to perform at this hour? (select an action by typing the number)
2
Mechanic Drew washes Trike TSS563
Trike TSS563 is soaped
Trike TSS563 is scrubed
Trike TSS563 is rinsed
Trike TSS563 is dried
Trike TSS563 shines
Mechanic Drew washes Expresstrain EYD132
Expresstrain EYD132 is soaped
Expresstrain EYD132 is scrubed
Expresstrain EYD132 is rinsed
Expresstrain EYD132 is dried
Expresstrain EYD132 shines
Mechanic Drew washes Convertible CUV551
Convertible CUV551 is soaped
Convertible CUV551 is scrubed
Convertible CUV551 is rinsed
Convertible CUV551 is dried
Convertible CUV551 is waxed
Convertible CUV551 is detailed
Convertible CUV551 is detailed
Convertible CUV551 shines
Mechanic Drew washes Freighttrain FSO310
Freighttrain FSO310 is soaped
Freighttrain FSO310 is scrubed
Freighttrain FSO310 is rinsed
Freighttrain FSO310 is dried
Freighttrain FSO310 sparkles
Mechanic Drew washes SUV SYZ504
SUV SYZ504 is soaped
SUV SYZ504 is scrubed
SUV SYZ504 is rinsed
SUV SYZ504 is dried
SUV SYZ504 shines
Mechanic Drew washes Pickup PWV934
Pickup PWV934 is soaped
Pickup PWV934 is scrubed
Pickup PWV934 is rinsed
Pickup PWV934 is dried
Pickup PWV934 sparkles
Mechanic Drew washes Monster MKE303
Monster MKE303 is soaped
Monster MKE303 is scrubed
Monster MKE303 is rinsed
Monster MKE303 is dried
Monster MKE303 is waxed
Monster MKE303 is waxed
Monster MKE303 is polished
Monster MKE303 is detailed
Monster MKE303 shines
Mechanic Drew washes Wagon WOD137
Wagon WOD137 is soaped
Wagon WOD137 is scrubed
Wagon WOD137 is rinsed
Wagon WOD137 is dried
Wagon WOD137 shines
Mechanic Drew washes Delivery DVY546
Delivery DVY546 is soaped
Delivery DVY546 is scrubed
Delivery DVY546 is rinsed
Delivery DVY546 is dried
Delivery DVY546 shines
Mechanic Drew washes Hatchback HEF908
Hatchback HEF908 is soaped
Hatchback HEF908 is scrubed
Hatchback HEF908 is rinsed
Hatchback HEF908 is dried
Hatchback HEF908 sparkles
Mechanic Drew washes Bike BDK572
Bike BDK572 is soaped
Bike BDK572 is scrubed
Bike BDK572 is rinsed
Bike BDK572 is dried
Bike BDK572 sparkles
Mechanic Drew washes Sidecar SZD296
Sidecar SZD296 is soaped
Sidecar SZD296 is scrubed
Sidecar SZD296 is rinsed
Sidecar SZD296 is dried
Sidecar SZD296 shines
Current time is: 15:00
(1) Unlock all of the Vehicles
(2) Wash all of the Vehicles
(3) Tune Up all of the Vehicles
(4) Test Drive all of the Vehicles
(5) Lock all of the Vehicles
(6) Leave the Garage for the day
Which action would you like to perform at this hour? (select an action by typing the number)
3
Mechanic Drew tuneup Trike TSS563
Trike TSS563 runs
Mechanic Drew tuneup Expresstrain EYD132
Expresstrain EYD132 runs
Mechanic Drew tuneup Convertible CUV551
Convertible CUV551 runs
Mechanic Drew tuneup Freighttrain FSO310
Freighttrain FSO310 runs
Mechanic Drew tuneup SUV SYZ504
SUV SYZ504 runs
Mechanic Drew tuneup Pickup PWV934
Pickup PWV934 runs
Mechanic Drew tuneup Monster MKE303
Monster MKE303 runs
Mechanic Drew tuneup Wagon WOD137
Wagon WOD137 runs
Mechanic Drew tuneup Delivery DVY546
Delivery DVY546 runs
Mechanic Drew tuneup Hatchback HEF908
Hatchback HEF908 runs
Mechanic Drew tuneup Bike BDK572
Bike BDK572 runs
Mechanic Drew tuneup Sidecar SZD296
Sidecar SZD296 runs
Current time is: 16:00
(1) Unlock all of the Vehicles
(2) Wash all of the Vehicles
(3) Tune Up all of the Vehicles
(4) Test Drive all of the Vehicles
(5) Lock all of the Vehicles
(6) Leave the Garage for the day
Which action would you like to perform at this hour? (select an action by typing the number)
2
Mechanic Drew washes Trike TSS563
Trike TSS563 is soaped
Trike TSS563 is scrubed
Trike TSS563 is rinsed
Trike TSS563 is dried
Trike TSS563 sparkles
Mechanic Drew washes Expresstrain EYD132
Expresstrain EYD132 is soaped
Expresstrain EYD132 is scrubed
Expresstrain EYD132 is rinsed
Expresstrain EYD132 is dried
Expresstrain EYD132 shines
Mechanic Drew washes Convertible CUV551
Convertible CUV551 is soaped
Convertible CUV551 is scrubed
Convertible CUV551 is rinsed
Convertible CUV551 is dried
Convertible CUV551 is waxed
Convertible CUV551 is detailed
Convertible CUV551 is detailed
Convertible CUV551 shines
Mechanic Drew washes Freighttrain FSO310
Freighttrain FSO310 is soaped
Freighttrain FSO310 is scrubed
Freighttrain FSO310 is rinsed
Freighttrain FSO310 is dried
Freighttrain FSO310 sparkles
Mechanic Drew washes SUV SYZ504
SUV SYZ504 is soaped
SUV SYZ504 is scrubed
SUV SYZ504 is rinsed
SUV SYZ504 is dried
SUV SYZ504 sparkles
Mechanic Drew washes Pickup PWV934
Pickup PWV934 is soaped
Pickup PWV934 is scrubed
Pickup PWV934 is rinsed
Pickup PWV934 is dried
Pickup PWV934 sparkles
Mechanic Drew washes Monster MKE303
Monster MKE303 is soaped
Monster MKE303 is scrubed
Monster MKE303 is rinsed
Monster MKE303 is dried
Monster MKE303 is waxed
Monster MKE303 is waxed
Monster MKE303 is polished
Monster MKE303 is detailed
Monster MKE303 shines
Mechanic Drew washes Wagon WOD137
Wagon WOD137 is soaped
Wagon WOD137 is scrubed
Wagon WOD137 is rinsed
Wagon WOD137 is dried
Wagon WOD137 shines
Mechanic Drew washes Delivery DVY546
Delivery DVY546 is soaped
Delivery DVY546 is scrubed
Delivery DVY546 is rinsed
Delivery DVY546 is dried
Delivery DVY546 shines
Mechanic Drew washes Hatchback HEF908
Hatchback HEF908 is soaped
Hatchback HEF908 is scrubed
Hatchback HEF908 is rinsed
Hatchback HEF908 is dried
Hatchback HEF908 sparkles
Mechanic Drew washes Bike BDK572
Bike BDK572 is soaped
Bike BDK572 is scrubed
Bike BDK572 is rinsed
Bike BDK572 is dried
Bike BDK572 shines
Mechanic Drew washes Sidecar SZD296
Sidecar SZD296 is soaped
Sidecar SZD296 is scrubed
Sidecar SZD296 is rinsed
Sidecar SZD296 is dried
Sidecar SZD296 shines
Current time is: 17:00
(1) Unlock all of the Vehicles
(2) Wash all of the Vehicles
(3) Tune Up all of the Vehicles
(4) Test Drive all of the Vehicles
(5) Lock all of the Vehicles
(6) Leave the Garage for the day
Which action would you like to perform at this hour? (select an action by typing the number)
2
Mechanic Drew washes Trike TSS563
Trike TSS563 is soaped
Trike TSS563 is scrubed
Trike TSS563 is rinsed
Trike TSS563 is dried
Trike TSS563 shines
Mechanic Drew washes Expresstrain EYD132
Expresstrain EYD132 is soaped
Expresstrain EYD132 is scrubed
Expresstrain EYD132 is rinsed
Expresstrain EYD132 is dried
Expresstrain EYD132 shines
Mechanic Drew washes Convertible CUV551
Convertible CUV551 is soaped
Convertible CUV551 is scrubed
Convertible CUV551 is rinsed
Convertible CUV551 is dried
Convertible CUV551 is waxed
Convertible CUV551 is detailed
Convertible CUV551 is detailed
Convertible CUV551 shines
Mechanic Drew washes Freighttrain FSO310
Freighttrain FSO310 is soaped
Freighttrain FSO310 is scrubed
Freighttrain FSO310 is rinsed
Freighttrain FSO310 is dried
Freighttrain FSO310 shines
Mechanic Drew washes SUV SYZ504
SUV SYZ504 is soaped
SUV SYZ504 is scrubed
SUV SYZ504 is rinsed
SUV SYZ504 is dried
SUV SYZ504 shines
Mechanic Drew washes Pickup PWV934
Pickup PWV934 is soaped
Pickup PWV934 is scrubed
Pickup PWV934 is rinsed
Pickup PWV934 is dried
Pickup PWV934 shines
Mechanic Drew washes Monster MKE303
Monster MKE303 is soaped
Monster MKE303 is scrubed
Monster MKE303 is rinsed
Monster MKE303 is dried
Monster MKE303 is waxed
Monster MKE303 is waxed
Monster MKE303 is polished
Monster MKE303 is detailed
Monster MKE303 shines
Mechanic Drew washes Wagon WOD137
Wagon WOD137 is soaped
Wagon WOD137 is scrubed
Wagon WOD137 is rinsed
Wagon WOD137 is dried
Wagon WOD137 shines
Mechanic Drew washes Delivery DVY546
Delivery DVY546 is soaped
Delivery DVY546 is scrubed
Delivery DVY546 is rinsed
Delivery DVY546 is dried
Delivery DVY546 shines
Mechanic Drew washes Hatchback HEF908
Hatchback HEF908 is soaped
Hatchback HEF908 is scrubed
Hatchback HEF908 is rinsed
Hatchback HEF908 is dried
Hatchback HEF908 shines
Mechanic Drew washes Bike BDK572
Bike BDK572 is soaped
Bike BDK572 is scrubed
Bike BDK572 is rinsed
Bike BDK572 is dried
Bike BDK572 shines
Mechanic Drew washes Sidecar SZD296
Sidecar SZD296 is soaped
Sidecar SZD296 is scrubed
Sidecar SZD296 is rinsed
Sidecar SZD296 is dried
Sidecar SZD296 shines
Current time is: 18:00
(1) Unlock all of the Vehicles
(2) Wash all of the Vehicles
(3) Tune Up all of the Vehicles
(4) Test Drive all of the Vehicles
(5) Lock all of the Vehicles
(6) Leave the Garage for the day
Which action would you like to perform at this hour? (select an action by typing the number)
5
Mechanic Drew locksUp Trike TSS563
Trike TSS563 locked
Mechanic Drew locksUp Expresstrain EYD132
Expresstrain EYD132 locked
Mechanic Drew locksUp Convertible CUV551
Convertible CUV551 locked
Mechanic Drew locksUp Freighttrain FSO310
Freighttrain FSO310 locked
Mechanic Drew locksUp SUV SYZ504
SUV SYZ504 locked
Mechanic Drew locksUp Pickup PWV934
Pickup PWV934 locked
Mechanic Drew locksUp Monster MKE303
Monster MKE303 locked
Mechanic Drew locksUp Wagon WOD137
Wagon WOD137 locked
Mechanic Drew locksUp Delivery DVY546
Delivery DVY546 locked
Mechanic Drew locksUp Hatchback HEF908
Hatchback HEF908 locked
Mechanic Drew locksUp Bike BDK572
Bike BDK572 locked
Mechanic Drew locksUp Sidecar SZD296
Sidecar SZD296 locked
Current time is: 19:00
(1) Unlock all of the Vehicles
(2) Wash all of the Vehicles
(3) Tune Up all of the Vehicles
(4) Test Drive all of the Vehicles
(5) Lock all of the Vehicles
(6) Leave the Garage for the day
Which action would you like to perform at this hour? (select an action by typing the number)
6
Thank you for work at the Garage today. See you again tomorrow!